<?xml version="1.0" encoding="UTF-8"?>
<testsuite name="Simple Test"
           tests="4"
           failures="1"
           errors="0"
           skipped="3"
           time="0.449">
    <properties></properties>

            <testcase
                name="setup"
                time="0.449"
                classname="testingpages.SearchFeatureTesting">

            <failure type="java.lang.NoSuchMethodError" message="&apos;org.slf4j.impl.StaticLoggerBinder org.slf4j.impl.StaticLoggerBinder.getSingleton()&apos;">
                <![CDATA[java.lang.NoSuchMethodError: 'org.slf4j.impl.StaticLoggerBinder org.slf4j.impl.StaticLoggerBinder.getSingleton()'
                org.slf4j.LoggerFactory.bind(LoggerFactory.java:150)org.slf4j.LoggerFactory.performInitialization(LoggerFactory.java:124)org.slf4j.LoggerFactory.getILoggerFactory(LoggerFactory.java:417)org.slf4j.LoggerFactory.getLogger(LoggerFactory.java:362)org.slf4j.LoggerFactory.getLogger(LoggerFactory.java:388)io.github.bonigarcia.wdm.WebDriverManager.<clinit>(WebDriverManager.java:124)testingpages.SearchFeatureTesting.setup(SearchFeatureTesting.java:34)java.base/jdk.internal.reflect.NativeMethodAccessorImpl.invoke0(Native Method)java.base/jdk.internal.reflect.NativeMethodAccessorImpl.invoke(NativeMethodAccessorImpl.java:62)java.base/jdk.internal.reflect.DelegatingMethodAccessorImpl.invoke(DelegatingMethodAccessorImpl.java:43)java.base/java.lang.reflect.Method.invoke(Method.java:566)org.testng.internal.MethodInvocationHelper.invokeMethod(MethodInvocationHelper.java:124)org.testng.internal.MethodInvocationHelper.invokeMethodConsideringTimeout(MethodInvocationHelper.java:59)org.testng.internal.Invoker.invokeConfigurationMethod(Invoker.java:458)org.testng.internal.Invoker.invokeConfigurations(Invoker.java:222)org.testng.internal.Invoker.invokeConfigurations(Invoker.java:142)org.testng.SuiteRunner.privateRun(SuiteRunner.java:401)org.testng.SuiteRunner.run(SuiteRunner.java:364)org.testng.SuiteRunnerWorker.runSuite(SuiteRunnerWorker.java:52)org.testng.SuiteRunnerWorker.run(SuiteRunnerWorker.java:84)org.testng.TestNG.runSuitesSequentially(TestNG.java:1208)org.testng.TestNG.runSuitesLocally(TestNG.java:1137)org.testng.TestNG.runSuites(TestNG.java:1049)org.testng.TestNG.run(TestNG.java:1017)org.apache.maven.surefire.testng.TestNGExecutor.run(TestNGExecutor.java:281)org.apache.maven.surefire.testng.TestNGXmlTestSuite.execute(TestNGXmlTestSuite.java:75)org.apache.maven.surefire.testng.TestNGProvider.invoke(TestNGProvider.java:121)org.apache.maven.surefire.booter.ForkedBooter.invokeProviderInSameClassLoader(ForkedBooter.java:290)org.apache.maven.surefire.booter.ForkedBooter.runSuitesInProcess(ForkedBooter.java:242)org.apache.maven.surefire.booter.ForkedBooter.main(ForkedBooter.java:121)
]]>
            </failure>
    </testcase>

            <testcase
                name="tearDown"
                time="0.0"
                classname="testingpages.SearchFeatureTesting">
            </testcase>
            <testcase
                name="test2"
                time="0.0"
                classname="testingpages.SearchFeatureTesting">
            </testcase>
            <testcase
                name="test1"
                time="0.0"
                classname="testingpages.SearchFeatureTesting">
            </testcase>

</testsuite>
