<?xml version="1.0" encoding="UTF-8"?>
<testsuite name="Simple Test"
           tests="2"
           failures="0"
           errors="0"
           skipped="0"
           time="23.344">
    <properties></properties>



            <testcase
                name="test1"
                time="12.653"
                classname="testingpages.SearchFeatureTesting">
            </testcase>
            <testcase
                name="test2"
                time="10.691"
                classname="testingpages.SearchFeatureTesting">
            </testcase>
</testsuite>
